<?xml version="1.0" encoding="UTF-8"?>
<!-- Generated by org.testng.reporters.JUnitXMLReporter -->
<testsuite ignored="0" hostname="LAPTOP-R07U5B31" failures="0" tests="9" name="Test" time="0.1" errors="0" timestamp="2023-06-27T11:53:31 GST">
  <testcase classname="com.qalegendbilling.automationCore.Base" name="@BeforeMethod setUP" time="-1.687852411055E9">
    <failure type="org.testng.TestNGException" message="
Parameter &amp;apos;browser&amp;apos; is required by BeforeMethod on method setUP but has not been marked @Optional or defined
in C:\Automation\com.qalegendbilling\groupingTestNG.xml">
      <![CDATA[org.testng.TestNGException: 
Parameter 'browser' is required by BeforeMethod on method setUP but has not been marked @Optional or defined
in C:\Automation\com.qalegendbilling\groupingTestNG.xml
at java.base/java.util.ArrayList.forEach(ArrayList.java:1511)
... Removed 28 stack frames]]>
    </failure>
  </testcase> <!-- @BeforeMethod setUP -->
  <testcase classname="com.qalegendbilling.automationCore.Base" name="@AfterMethod tearDown" time="0.003">
    <failure type="java.lang.NullPointerException" message="Cannot invoke &amp;quot;org.openqa.selenium.WebDriver.quit()&amp;quot; because &amp;quot;this.driver&amp;quot; is null">
      <![CDATA[java.lang.NullPointerException: Cannot invoke "org.openqa.selenium.WebDriver.quit()" because "this.driver" is null
at com.qalegendbilling.automationCore.Base.tearDown(Base.java:58)
at java.base/java.util.ArrayList.forEach(ArrayList.java:1511)
... Removed 32 stack frames]]>
    </failure>
  </testcase> <!-- @AfterMethod tearDown -->
  <testcase classname="com.qalegendbilling.automationCore.Base" name="@BeforeMethod setUP" time="-1.687852411081E9">
    <failure type="org.testng.TestNGException" message="
Parameter &amp;apos;browser&amp;apos; is required by BeforeMethod on method setUP but has not been marked @Optional or defined
in C:\Automation\com.qalegendbilling\groupingTestNG.xml">
      <![CDATA[org.testng.TestNGException: 
Parameter 'browser' is required by BeforeMethod on method setUP but has not been marked @Optional or defined
in C:\Automation\com.qalegendbilling\groupingTestNG.xml
at java.base/java.util.ArrayList.forEach(ArrayList.java:1511)
... Removed 28 stack frames]]>
    </failure>
  </testcase> <!-- @BeforeMethod setUP -->
  <testcase classname="com.qalegendbilling.automationCore.Base" name="@AfterMethod tearDown" time="0.0">
    <failure type="java.lang.NullPointerException" message="Cannot invoke &amp;quot;org.openqa.selenium.WebDriver.quit()&amp;quot; because &amp;quot;this.driver&amp;quot; is null">
      <![CDATA[java.lang.NullPointerException: Cannot invoke "org.openqa.selenium.WebDriver.quit()" because "this.driver" is null
at com.qalegendbilling.automationCore.Base.tearDown(Base.java:58)
at java.base/java.util.ArrayList.forEach(ArrayList.java:1511)
... Removed 32 stack frames]]>
    </failure>
  </testcase> <!-- @AfterMethod tearDown -->
  <testcase classname="com.qalegendbilling.automationCore.Base" name="@BeforeMethod setUP" time="-1.687852411087E9">
    <failure type="org.testng.TestNGException" message="
Parameter &amp;apos;browser&amp;apos; is required by BeforeMethod on method setUP but has not been marked @Optional or defined
in C:\Automation\com.qalegendbilling\groupingTestNG.xml">
      <![CDATA[org.testng.TestNGException: 
Parameter 'browser' is required by BeforeMethod on method setUP but has not been marked @Optional or defined
in C:\Automation\com.qalegendbilling\groupingTestNG.xml
at java.base/java.util.ArrayList.forEach(ArrayList.java:1511)
... Removed 28 stack frames]]>
    </failure>
  </testcase> <!-- @BeforeMethod setUP -->
  <testcase classname="com.qalegendbilling.automationCore.Base" name="@AfterMethod tearDown" time="0.0">
    <failure type="java.lang.NullPointerException" message="Cannot invoke &amp;quot;org.openqa.selenium.WebDriver.quit()&amp;quot; because &amp;quot;this.driver&amp;quot; is null">
      <![CDATA[java.lang.NullPointerException: Cannot invoke "org.openqa.selenium.WebDriver.quit()" because "this.driver" is null
at com.qalegendbilling.automationCore.Base.tearDown(Base.java:58)
at java.base/java.util.ArrayList.forEach(ArrayList.java:1511)
... Removed 32 stack frames]]>
    </failure>
  </testcase> <!-- @AfterMethod tearDown -->
  <testcase classname="com.qalegendbilling.automationCore.Base" name="@BeforeMethod setUP" time="-1.687852411092E9">
    <failure type="org.testng.TestNGException" message="
Parameter &amp;apos;browser&amp;apos; is required by BeforeMethod on method setUP but has not been marked @Optional or defined
in C:\Automation\com.qalegendbilling\groupingTestNG.xml">
      <![CDATA[org.testng.TestNGException: 
Parameter 'browser' is required by BeforeMethod on method setUP but has not been marked @Optional or defined
in C:\Automation\com.qalegendbilling\groupingTestNG.xml
at java.base/java.util.ArrayList.forEach(ArrayList.java:1511)
... Removed 28 stack frames]]>
    </failure>
  </testcase> <!-- @BeforeMethod setUP -->
  <testcase classname="com.qalegendbilling.automationCore.Base" name="@AfterMethod tearDown" time="0.0">
    <failure type="java.lang.NullPointerException" message="Cannot invoke &amp;quot;org.openqa.selenium.WebDriver.quit()&amp;quot; because &amp;quot;this.driver&amp;quot; is null">
      <![CDATA[java.lang.NullPointerException: Cannot invoke "org.openqa.selenium.WebDriver.quit()" because "this.driver" is null
at com.qalegendbilling.automationCore.Base.tearDown(Base.java:58)
at java.base/java.util.ArrayList.forEach(ArrayList.java:1511)
... Removed 32 stack frames]]>
    </failure>
  </testcase> <!-- @AfterMethod tearDown -->
  <testcase classname="com.qalegendbilling.automationCore.Base" name="@BeforeMethod setUP" time="-1.687852411098E9">
    <failure type="org.testng.TestNGException" message="
Parameter &amp;apos;browser&amp;apos; is required by BeforeMethod on method setUP but has not been marked @Optional or defined
in C:\Automation\com.qalegendbilling\groupingTestNG.xml">
      <![CDATA[org.testng.TestNGException: 
Parameter 'browser' is required by BeforeMethod on method setUP but has not been marked @Optional or defined
in C:\Automation\com.qalegendbilling\groupingTestNG.xml
at java.base/java.util.ArrayList.forEach(ArrayList.java:1511)
... Removed 28 stack frames]]>
    </failure>
  </testcase> <!-- @BeforeMethod setUP -->
  <testcase classname="com.qalegendbilling.automationCore.Base" name="@AfterMethod tearDown" time="0.001">
    <failure type="java.lang.NullPointerException" message="Cannot invoke &amp;quot;org.openqa.selenium.WebDriver.quit()&amp;quot; because &amp;quot;this.driver&amp;quot; is null">
      <![CDATA[java.lang.NullPointerException: Cannot invoke "org.openqa.selenium.WebDriver.quit()" because "this.driver" is null
at com.qalegendbilling.automationCore.Base.tearDown(Base.java:58)
at java.base/java.util.ArrayList.forEach(ArrayList.java:1511)
... Removed 32 stack frames]]>
    </failure>
  </testcase> <!-- @AfterMethod tearDown -->
  <testcase classname="com.qalegendbilling.automationCore.Base" name="@BeforeMethod setUP" time="-1.687852411104E9">
    <failure type="org.testng.TestNGException" message="
Parameter &amp;apos;browser&amp;apos; is required by BeforeMethod on method setUP but has not been marked @Optional or defined
in C:\Automation\com.qalegendbilling\groupingTestNG.xml">
      <![CDATA[org.testng.TestNGException: 
Parameter 'browser' is required by BeforeMethod on method setUP but has not been marked @Optional or defined
in C:\Automation\com.qalegendbilling\groupingTestNG.xml
at java.base/java.util.ArrayList.forEach(ArrayList.java:1511)
... Removed 28 stack frames]]>
    </failure>
  </testcase> <!-- @BeforeMethod setUP -->
  <testcase classname="com.qalegendbilling.automationCore.Base" name="@AfterMethod tearDown" time="0.0">
    <failure type="java.lang.NullPointerException" message="Cannot invoke &amp;quot;org.openqa.selenium.WebDriver.quit()&amp;quot; because &amp;quot;this.driver&amp;quot; is null">
      <![CDATA[java.lang.NullPointerException: Cannot invoke "org.openqa.selenium.WebDriver.quit()" because "this.driver" is null
at com.qalegendbilling.automationCore.Base.tearDown(Base.java:58)
at java.base/java.util.ArrayList.forEach(ArrayList.java:1511)
... Removed 32 stack frames]]>
    </failure>
  </testcase> <!-- @AfterMethod tearDown -->
  <testcase classname="com.qalegendbilling.automationCore.Base" name="@BeforeMethod setUP" time="-1.68785241111E9">
    <failure type="org.testng.TestNGException" message="
Parameter &amp;apos;browser&amp;apos; is required by BeforeMethod on method setUP but has not been marked @Optional or defined
in C:\Automation\com.qalegendbilling\groupingTestNG.xml">
      <![CDATA[org.testng.TestNGException: 
Parameter 'browser' is required by BeforeMethod on method setUP but has not been marked @Optional or defined
in C:\Automation\com.qalegendbilling\groupingTestNG.xml
at java.base/java.util.ArrayList.forEach(ArrayList.java:1511)
... Removed 28 stack frames]]>
    </failure>
  </testcase> <!-- @BeforeMethod setUP -->
  <testcase classname="com.qalegendbilling.automationCore.Base" name="@AfterMethod tearDown" time="0.0">
    <failure type="java.lang.NullPointerException" message="Cannot invoke &amp;quot;org.openqa.selenium.WebDriver.quit()&amp;quot; because &amp;quot;this.driver&amp;quot; is null">
      <![CDATA[java.lang.NullPointerException: Cannot invoke "org.openqa.selenium.WebDriver.quit()" because "this.driver" is null
at com.qalegendbilling.automationCore.Base.tearDown(Base.java:58)
at java.base/java.util.ArrayList.forEach(ArrayList.java:1511)
... Removed 32 stack frames]]>
    </failure>
  </testcase> <!-- @AfterMethod tearDown -->
  <testcase classname="com.qalegendbilling.automationCore.Base" name="@BeforeMethod setUP" time="-1.687852411115E9">
    <failure type="org.testng.TestNGException" message="
Parameter &amp;apos;browser&amp;apos; is required by BeforeMethod on method setUP but has not been marked @Optional or defined
in C:\Automation\com.qalegendbilling\groupingTestNG.xml">
      <![CDATA[org.testng.TestNGException: 
Parameter 'browser' is required by BeforeMethod on method setUP but has not been marked @Optional or defined
in C:\Automation\com.qalegendbilling\groupingTestNG.xml
at java.base/java.util.ArrayList.forEach(ArrayList.java:1511)
... Removed 28 stack frames]]>
    </failure>
  </testcase> <!-- @BeforeMethod setUP -->
  <testcase classname="com.qalegendbilling.automationCore.Base" name="@AfterMethod tearDown" time="0.0">
    <failure type="java.lang.NullPointerException" message="Cannot invoke &amp;quot;org.openqa.selenium.WebDriver.quit()&amp;quot; because &amp;quot;this.driver&amp;quot; is null">
      <![CDATA[java.lang.NullPointerException: Cannot invoke "org.openqa.selenium.WebDriver.quit()" because "this.driver" is null
at com.qalegendbilling.automationCore.Base.tearDown(Base.java:58)
at java.base/java.util.ArrayList.forEach(ArrayList.java:1511)
... Removed 32 stack frames]]>
    </failure>
  </testcase> <!-- @AfterMethod tearDown -->
  <testcase classname="com.qalegendbilling.automationCore.Base" name="@BeforeMethod setUP" time="-1.687852411119E9">
    <failure type="org.testng.TestNGException" message="
Parameter &amp;apos;browser&amp;apos; is required by BeforeMethod on method setUP but has not been marked @Optional or defined
in C:\Automation\com.qalegendbilling\groupingTestNG.xml">
      <![CDATA[org.testng.TestNGException: 
Parameter 'browser' is required by BeforeMethod on method setUP but has not been marked @Optional or defined
in C:\Automation\com.qalegendbilling\groupingTestNG.xml
at java.base/java.util.ArrayList.forEach(ArrayList.java:1511)
... Removed 28 stack frames]]>
    </failure>
  </testcase> <!-- @BeforeMethod setUP -->
  <testcase classname="com.qalegendbilling.automationCore.Base" name="@AfterMethod tearDown" time="0.0">
    <failure type="java.lang.NullPointerException" message="Cannot invoke &amp;quot;org.openqa.selenium.WebDriver.quit()&amp;quot; because &amp;quot;this.driver&amp;quot; is null">
      <![CDATA[java.lang.NullPointerException: Cannot invoke "org.openqa.selenium.WebDriver.quit()" because "this.driver" is null
at com.qalegendbilling.automationCore.Base.tearDown(Base.java:58)
at java.base/java.util.ArrayList.forEach(ArrayList.java:1511)
... Removed 32 stack frames]]>
    </failure>
  </testcase> <!-- @AfterMethod tearDown -->
  <testcase classname="com.qalegendbilling.testScripts.ViewUserTest" name="verifyTheDetailsDisplayedOnViewUserPage" time="0.0">
    <skipped/>
  </testcase> <!-- verifyTheDetailsDisplayedOnViewUserPage -->
  <testcase classname="com.qalegendbilling.testScripts.HomeTest" name="TC_001_verifyWhetherUserAbleToSignoutFromTheApplication" time="0.0">
    <skipped/>
  </testcase> <!-- TC_001_verifyWhetherUserAbleToSignoutFromTheApplication -->
  <testcase classname="com.qalegendbilling.testScripts.HomeTest" name="TC_002_verifyUserManagementSubTabs" time="0.0">
    <skipped/>
  </testcase> <!-- TC_002_verifyUserManagementSubTabs -->
  <testcase classname="com.qalegendbilling.testScripts.AddUserTest" name="TC_001_verifyWhetherUserAbleToAddTheNewUser" time="0.0">
    <skipped/>
  </testcase> <!-- TC_001_verifyWhetherUserAbleToAddTheNewUser -->
  <testcase classname="com.qalegendbilling.testScripts.AddUserTest" name="TC_002_verifyInvalidUserSearch" time="0.0">
    <skipped/>
  </testcase> <!-- TC_002_verifyInvalidUserSearch -->
  <testcase classname="com.qalegendbilling.testScripts.UserTest" name="TC_001_verifyWhetherUserCanDeleteTheUSer" time="0.0">
    <skipped/>
  </testcase> <!-- TC_001_verifyWhetherUserCanDeleteTheUSer -->
  <testcase classname="com.qalegendbilling.testScripts.LoginTest" name="TC_001_verifyUserLoginsWithValidCredentials" time="0.0">
    <skipped/>
  </testcase> <!-- TC_001_verifyUserLoginsWithValidCredentials -->
  <testcase classname="com.qalegendbilling.testScripts.LoginTest" name="TC_002_verifyTheErrorMessageDisplayedForInvalidCredentials" time="0.0">
    <skipped/>
  </testcase> <!-- TC_002_verifyTheErrorMessageDisplayedForInvalidCredentials -->
  <testcase classname="com.qalegendbilling.testScripts.ResetTest" name="TC_001_verifyForgotPasswordMessageForInvalidEmail" time="0.0">
    <skipped/>
  </testcase> <!-- TC_001_verifyForgotPasswordMessageForInvalidEmail -->
</testsuite> <!-- Test -->
